[0.653s] Invoking command in '/home/margaritaf99/robot_control': PYTHONPATH=/home/margaritaf99/robot_control/build/robot_control/prefix_override:/usr/lib/python3/dist-packages/colcon_core/task/python/colcon_distutils_commands:/home/margaritaf99/robot_control/install/robot_control/lib/python3.12/site-packages:${PYTHONPATH} /usr/bin/python3 -W ignore:setup.py install is deprecated setup.py egg_info --egg-base build/robot_control build --build-base /home/margaritaf99/robot_control/build/robot_control/build install --record /home/margaritaf99/robot_control/build/robot_control/install.log --single-version-externally-managed install_data
[0.855s] running egg_info
[0.869s] writing build/robot_control/robot_control.egg-info/PKG-INFO
[0.870s] writing dependency_links to build/robot_control/robot_control.egg-info/dependency_links.txt
[0.870s] writing entry points to build/robot_control/robot_control.egg-info/entry_points.txt
[0.870s] writing requirements to build/robot_control/robot_control.egg-info/requires.txt
[0.870s] writing top-level names to build/robot_control/robot_control.egg-info/top_level.txt
[0.900s] reading manifest file 'build/robot_control/robot_control.egg-info/SOURCES.txt'
[0.900s] adding license file 'LICENSE'
[0.900s] writing manifest file 'build/robot_control/robot_control.egg-info/SOURCES.txt'
[0.900s] running build
[0.901s] running build_py
[0.901s] running install
[0.906s] running install_lib
[0.921s] running install_data
[0.921s] running install_egg_info
[0.937s] removing '/home/margaritaf99/robot_control/install/robot_control/lib/python3.12/site-packages/robot_control-0.0.0-py3.12.egg-info' (and everything under it)
[0.938s] Copying build/robot_control/robot_control.egg-info to /home/margaritaf99/robot_control/install/robot_control/lib/python3.12/site-packages/robot_control-0.0.0-py3.12.egg-info
[0.939s] running install_scripts
[1.060s] Installing robot script to /home/margaritaf99/robot_control/install/robot_control/lib/robot_control
[1.060s] writing list of installed files to '/home/margaritaf99/robot_control/build/robot_control/install.log'
[1.086s] Invoked command in '/home/margaritaf99/robot_control' returned '0': PYTHONPATH=/home/margaritaf99/robot_control/build/robot_control/prefix_override:/usr/lib/python3/dist-packages/colcon_core/task/python/colcon_distutils_commands:/home/margaritaf99/robot_control/install/robot_control/lib/python3.12/site-packages:${PYTHONPATH} /usr/bin/python3 -W ignore:setup.py install is deprecated setup.py egg_info --egg-base build/robot_control build --build-base /home/margaritaf99/robot_control/build/robot_control/build install --record /home/margaritaf99/robot_control/build/robot_control/install.log --single-version-externally-managed install_data
