[0.629s] Invoking command in '/home/margaritaf99/robot_control': PYTHONPATH=/home/margaritaf99/robot_control/build/robot_control/prefix_override:/usr/lib/python3/dist-packages/colcon_core/task/python/colcon_distutils_commands:/home/margaritaf99/robot_control/install/robot_control/lib/python3.12/site-packages:${PYTHONPATH} /usr/bin/python3 -W ignore:setup.py install is deprecated setup.py egg_info --egg-base build/robot_control build --build-base /home/margaritaf99/robot_control/build/robot_control/build install --record /home/margaritaf99/robot_control/build/robot_control/install.log --single-version-externally-managed install_data
[0.826s] running egg_info
[0.841s] writing build/robot_control/robot_control.egg-info/PKG-INFO
[0.841s] writing dependency_links to build/robot_control/robot_control.egg-info/dependency_links.txt
[0.841s] writing entry points to build/robot_control/robot_control.egg-info/entry_points.txt
[0.841s] writing requirements to build/robot_control/robot_control.egg-info/requires.txt
[0.841s] writing top-level names to build/robot_control/robot_control.egg-info/top_level.txt
[0.871s] reading manifest file 'build/robot_control/robot_control.egg-info/SOURCES.txt'
[0.871s] adding license file 'LICENSE'
[0.871s] writing manifest file 'build/robot_control/robot_control.egg-info/SOURCES.txt'
[0.872s] running build
[0.872s] running build_py
[0.872s] running install
[0.877s] running install_lib
[0.892s] running install_data
[0.892s] running install_egg_info
[0.908s] removing '/home/margaritaf99/robot_control/install/robot_control/lib/python3.12/site-packages/robot_control-0.0.0-py3.12.egg-info' (and everything under it)
[0.908s] Copying build/robot_control/robot_control.egg-info to /home/margaritaf99/robot_control/install/robot_control/lib/python3.12/site-packages/robot_control-0.0.0-py3.12.egg-info
[0.909s] running install_scripts
[1.037s] Installing robot script to /home/margaritaf99/robot_control/install/robot_control/lib/robot_control
[1.038s] writing list of installed files to '/home/margaritaf99/robot_control/build/robot_control/install.log'
[1.079s] Invoked command in '/home/margaritaf99/robot_control' returned '0': PYTHONPATH=/home/margaritaf99/robot_control/build/robot_control/prefix_override:/usr/lib/python3/dist-packages/colcon_core/task/python/colcon_distutils_commands:/home/margaritaf99/robot_control/install/robot_control/lib/python3.12/site-packages:${PYTHONPATH} /usr/bin/python3 -W ignore:setup.py install is deprecated setup.py egg_info --egg-base build/robot_control build --build-base /home/margaritaf99/robot_control/build/robot_control/build install --record /home/margaritaf99/robot_control/build/robot_control/install.log --single-version-externally-managed install_data
