[0.814s] Invoking command in '/home/margaritaf99/robot_control': PYTHONPATH=/home/margaritaf99/robot_control/build/robot_control/prefix_override:/usr/lib/python3/dist-packages/colcon_core/task/python/colcon_distutils_commands:/home/margaritaf99/robot_control/install/robot_control/lib/python3.12/site-packages:${PYTHONPATH} /usr/bin/python3 -W ignore:setup.py install is deprecated setup.py egg_info --egg-base build/robot_control build --build-base /home/margaritaf99/robot_control/build/robot_control/build install --record /home/margaritaf99/robot_control/build/robot_control/install.log --single-version-externally-managed install_data
[1.019s] running egg_info
[1.033s] writing build/robot_control/robot_control.egg-info/PKG-INFO
[1.034s] writing dependency_links to build/robot_control/robot_control.egg-info/dependency_links.txt
[1.034s] writing entry points to build/robot_control/robot_control.egg-info/entry_points.txt
[1.034s] writing requirements to build/robot_control/robot_control.egg-info/requires.txt
[1.034s] writing top-level names to build/robot_control/robot_control.egg-info/top_level.txt
[1.064s] reading manifest file 'build/robot_control/robot_control.egg-info/SOURCES.txt'
[1.065s] adding license file 'LICENSE'
[1.065s] writing manifest file 'build/robot_control/robot_control.egg-info/SOURCES.txt'
[1.065s] running build
[1.065s] running build_py
[1.065s] copying robot_control/robot.py -> /home/margaritaf99/robot_control/build/robot_control/build/lib/robot_control
[1.066s] running install
[1.071s] running install_lib
[1.086s] copying /home/margaritaf99/robot_control/build/robot_control/build/lib/robot_control/robot.py -> /home/margaritaf99/robot_control/install/robot_control/lib/python3.12/site-packages/robot_control
[1.087s] byte-compiling /home/margaritaf99/robot_control/install/robot_control/lib/python3.12/site-packages/robot_control/robot.py to robot.cpython-312.pyc
[1.089s] running install_data
[1.089s] running install_egg_info
[1.106s] removing '/home/margaritaf99/robot_control/install/robot_control/lib/python3.12/site-packages/robot_control-0.0.0-py3.12.egg-info' (and everything under it)
[1.106s] Copying build/robot_control/robot_control.egg-info to /home/margaritaf99/robot_control/install/robot_control/lib/python3.12/site-packages/robot_control-0.0.0-py3.12.egg-info
[1.107s] running install_scripts
[1.210s] Installing robot script to /home/margaritaf99/robot_control/install/robot_control/lib/robot_control
[1.211s] writing list of installed files to '/home/margaritaf99/robot_control/build/robot_control/install.log'
[1.235s] Invoked command in '/home/margaritaf99/robot_control' returned '0': PYTHONPATH=/home/margaritaf99/robot_control/build/robot_control/prefix_override:/usr/lib/python3/dist-packages/colcon_core/task/python/colcon_distutils_commands:/home/margaritaf99/robot_control/install/robot_control/lib/python3.12/site-packages:${PYTHONPATH} /usr/bin/python3 -W ignore:setup.py install is deprecated setup.py egg_info --egg-base build/robot_control build --build-base /home/margaritaf99/robot_control/build/robot_control/build install --record /home/margaritaf99/robot_control/build/robot_control/install.log --single-version-externally-managed install_data
