[0.641s] Invoking command in '/home/margaritaf99/robot_control': PYTHONPATH=/home/margaritaf99/robot_control/build/robot_control/prefix_override:/usr/lib/python3/dist-packages/colcon_core/task/python/colcon_distutils_commands:/home/margaritaf99/robot_control/install/robot_control/lib/python3.12/site-packages:${PYTHONPATH} /usr/bin/python3 -W ignore:setup.py install is deprecated setup.py egg_info --egg-base build/robot_control build --build-base /home/margaritaf99/robot_control/build/robot_control/build install --record /home/margaritaf99/robot_control/build/robot_control/install.log --single-version-externally-managed install_data
[0.846s] running egg_info
[0.846s] creating build/robot_control/robot_control.egg-info
[0.861s] writing build/robot_control/robot_control.egg-info/PKG-INFO
[0.861s] writing dependency_links to build/robot_control/robot_control.egg-info/dependency_links.txt
[0.861s] writing entry points to build/robot_control/robot_control.egg-info/entry_points.txt
[0.862s] writing requirements to build/robot_control/robot_control.egg-info/requires.txt
[0.862s] writing top-level names to build/robot_control/robot_control.egg-info/top_level.txt
[0.862s] writing manifest file 'build/robot_control/robot_control.egg-info/SOURCES.txt'
[0.893s] reading manifest file 'build/robot_control/robot_control.egg-info/SOURCES.txt'
[0.894s] adding license file 'LICENSE'
[0.894s] writing manifest file 'build/robot_control/robot_control.egg-info/SOURCES.txt'
[0.894s] running build
[0.894s] running build_py
[0.895s] creating /home/margaritaf99/robot_control/build/robot_control/build
[0.895s] creating /home/margaritaf99/robot_control/build/robot_control/build/lib
[0.895s] creating /home/margaritaf99/robot_control/build/robot_control/build/lib/robot_control
[0.895s] copying robot_control/robot.py -> /home/margaritaf99/robot_control/build/robot_control/build/lib/robot_control
[0.895s] copying robot_control/__init__.py -> /home/margaritaf99/robot_control/build/robot_control/build/lib/robot_control
[0.896s] running install
[0.900s] running install_lib
[0.916s] creating /home/margaritaf99/robot_control/install/robot_control/lib/python3.12/site-packages/robot_control
[0.917s] copying /home/margaritaf99/robot_control/build/robot_control/build/lib/robot_control/robot.py -> /home/margaritaf99/robot_control/install/robot_control/lib/python3.12/site-packages/robot_control
[0.917s] copying /home/margaritaf99/robot_control/build/robot_control/build/lib/robot_control/__init__.py -> /home/margaritaf99/robot_control/install/robot_control/lib/python3.12/site-packages/robot_control
[0.917s] byte-compiling /home/margaritaf99/robot_control/install/robot_control/lib/python3.12/site-packages/robot_control/robot.py to robot.cpython-312.pyc
[0.918s] byte-compiling /home/margaritaf99/robot_control/install/robot_control/lib/python3.12/site-packages/robot_control/__init__.py to __init__.cpython-312.pyc
[0.918s] running install_data
[0.918s] creating /home/margaritaf99/robot_control/install/robot_control/share/ament_index
[0.918s] creating /home/margaritaf99/robot_control/install/robot_control/share/ament_index/resource_index
[0.919s] creating /home/margaritaf99/robot_control/install/robot_control/share/ament_index/resource_index/packages
[0.919s] copying resource/robot_control -> /home/margaritaf99/robot_control/install/robot_control/share/ament_index/resource_index/packages
[0.919s] copying package.xml -> /home/margaritaf99/robot_control/install/robot_control/share/robot_control
[0.919s] running install_egg_info
[0.936s] Copying build/robot_control/robot_control.egg-info to /home/margaritaf99/robot_control/install/robot_control/lib/python3.12/site-packages/robot_control-0.0.0-py3.12.egg-info
[0.937s] running install_scripts
[1.044s] Installing robot script to /home/margaritaf99/robot_control/install/robot_control/lib/robot_control
[1.044s] writing list of installed files to '/home/margaritaf99/robot_control/build/robot_control/install.log'
[1.068s] Invoked command in '/home/margaritaf99/robot_control' returned '0': PYTHONPATH=/home/margaritaf99/robot_control/build/robot_control/prefix_override:/usr/lib/python3/dist-packages/colcon_core/task/python/colcon_distutils_commands:/home/margaritaf99/robot_control/install/robot_control/lib/python3.12/site-packages:${PYTHONPATH} /usr/bin/python3 -W ignore:setup.py install is deprecated setup.py egg_info --egg-base build/robot_control build --build-base /home/margaritaf99/robot_control/build/robot_control/build install --record /home/margaritaf99/robot_control/build/robot_control/install.log --single-version-externally-managed install_data
