[0.374s] DEBUG:colcon:Command line arguments: ['/usr/bin/colcon', 'build']
[0.374s] DEBUG:colcon:Parsed command line arguments: Namespace(log_base=None, log_level=None, verb_name='build', build_base='build', install_base='install', merge_install=False, symlink_install=False, test_result_base=None, continue_on_error=False, executor='parallel', parallel_workers=12, event_handlers=None, ignore_user_meta=False, metas=['./colcon.meta'], base_paths=['.'], packages_ignore=None, packages_ignore_regex=None, paths=None, packages_up_to=None, packages_up_to_regex=None, packages_above=None, packages_above_and_dependencies=None, packages_above_depth=None, packages_select_by_dep=None, packages_skip_by_dep=None, packages_skip_up_to=None, packages_select_build_failed=False, packages_skip_build_finished=False, packages_select_test_failures=False, packages_skip_test_passed=False, packages_select=None, packages_skip=None, packages_select_regex=None, packages_skip_regex=None, packages_start=None, packages_end=None, allow_overriding=[], cmake_args=None, cmake_target=None, cmake_target_skip_unavailable=False, cmake_clean_cache=False, cmake_clean_first=False, cmake_force_configure=False, ament_cmake_args=None, catkin_cmake_args=None, catkin_skip_building_tests=False, verb_parser=<colcon_defaults.argument_parser.defaults.DefaultArgumentsDecorator object at 0x7fce58a44d10>, verb_extension=<colcon_core.verb.build.BuildVerb object at 0x7fce58a44a10>, main=<bound method BuildVerb.main of <colcon_core.verb.build.BuildVerb object at 0x7fce58a44a10>>)
[0.438s] Level 1:colcon.colcon_core.package_discovery:discover_packages(colcon_meta) check parameters
[0.438s] Level 1:colcon.colcon_core.package_discovery:discover_packages(recursive) check parameters
[0.438s] Level 1:colcon.colcon_core.package_discovery:discover_packages(ignore) check parameters
[0.438s] Level 1:colcon.colcon_core.package_discovery:discover_packages(path) check parameters
[0.438s] Level 1:colcon.colcon_core.package_discovery:discover_packages(colcon_meta) discover
[0.438s] Level 1:colcon.colcon_core.package_discovery:discover_packages(recursive) discover
[0.439s] INFO:colcon.colcon_core.package_discovery:Crawling recursively for packages in '/home/margaritaf99/robot_control'
[0.439s] Level 1:colcon.colcon_core.package_identification:_identify(.) by extensions ['ignore', 'ignore_ament_install']
[0.439s] Level 1:colcon.colcon_core.package_identification:_identify(.) by extension 'ignore'
[0.439s] Level 1:colcon.colcon_core.package_identification:_identify(.) by extension 'ignore_ament_install'
[0.439s] Level 1:colcon.colcon_core.package_identification:_identify(.) by extensions ['colcon_pkg']
[0.439s] Level 1:colcon.colcon_core.package_identification:_identify(.) by extension 'colcon_pkg'
[0.439s] Level 1:colcon.colcon_core.package_identification:_identify(.) by extensions ['colcon_meta']
[0.439s] Level 1:colcon.colcon_core.package_identification:_identify(.) by extension 'colcon_meta'
[0.439s] Level 1:colcon.colcon_core.package_identification:_identify(.) by extensions ['ros']
[0.439s] Level 1:colcon.colcon_core.package_identification:_identify(.) by extension 'ros'
[0.498s] DEBUG:colcon.colcon_core.package_identification:Package '.' with type 'ros.ament_python' and name 'robot_control'
[0.498s] Level 1:colcon.colcon_core.package_discovery:discover_packages(recursive) using defaults
[0.498s] Level 1:colcon.colcon_core.package_discovery:discover_packages(ignore) discover
[0.498s] Level 1:colcon.colcon_core.package_discovery:discover_packages(ignore) using defaults
[0.498s] Level 1:colcon.colcon_core.package_discovery:discover_packages(path) discover
[0.498s] Level 1:colcon.colcon_core.package_discovery:discover_packages(path) using defaults
[0.533s] Level 1:colcon.colcon_core.package_discovery:discover_packages(prefix_path) check parameters
[0.534s] Level 1:colcon.colcon_core.package_discovery:discover_packages(prefix_path) discover
[0.538s] DEBUG:colcon.colcon_installed_package_information.package_discovery:Found 1 installed packages in /home/margaritaf99/robot_control/install
[0.540s] DEBUG:colcon.colcon_installed_package_information.package_discovery:Found 315 installed packages in /opt/ros/jazzy
[0.542s] Level 1:colcon.colcon_core.package_discovery:discover_packages(prefix_path) using defaults
[0.634s] Level 5:colcon.colcon_core.verb:set package 'robot_control' build argument 'cmake_args' from command line to 'None'
[0.634s] Level 5:colcon.colcon_core.verb:set package 'robot_control' build argument 'cmake_target' from command line to 'None'
[0.634s] Level 5:colcon.colcon_core.verb:set package 'robot_control' build argument 'cmake_target_skip_unavailable' from command line to 'False'
[0.634s] Level 5:colcon.colcon_core.verb:set package 'robot_control' build argument 'cmake_clean_cache' from command line to 'False'
[0.634s] Level 5:colcon.colcon_core.verb:set package 'robot_control' build argument 'cmake_clean_first' from command line to 'False'
[0.634s] Level 5:colcon.colcon_core.verb:set package 'robot_control' build argument 'cmake_force_configure' from command line to 'False'
[0.634s] Level 5:colcon.colcon_core.verb:set package 'robot_control' build argument 'ament_cmake_args' from command line to 'None'
[0.634s] Level 5:colcon.colcon_core.verb:set package 'robot_control' build argument 'catkin_cmake_args' from command line to 'None'
[0.634s] Level 5:colcon.colcon_core.verb:set package 'robot_control' build argument 'catkin_skip_building_tests' from command line to 'False'
[0.634s] DEBUG:colcon.colcon_core.verb:Building package 'robot_control' with the following arguments: {'ament_cmake_args': None, 'build_base': '/home/margaritaf99/robot_control/build/robot_control', 'catkin_cmake_args': None, 'catkin_skip_building_tests': False, 'cmake_args': None, 'cmake_clean_cache': False, 'cmake_clean_first': False, 'cmake_force_configure': False, 'cmake_target': None, 'cmake_target_skip_unavailable': False, 'install_base': '/home/margaritaf99/robot_control/install/robot_control', 'merge_install': False, 'path': '/home/margaritaf99/robot_control', 'symlink_install': False, 'test_result_base': None}
[0.635s] INFO:colcon.colcon_core.executor:Executing jobs using 'parallel' executor
[0.637s] DEBUG:colcon.colcon_parallel_executor.executor.parallel:run_until_complete
[0.637s] INFO:colcon.colcon_ros.task.ament_python.build:Building ROS package in '/home/margaritaf99/robot_control' with build type 'ament_python'
[0.638s] Level 1:colcon.colcon_core.shell:create_environment_hook('robot_control', 'ament_prefix_path')
[0.642s] INFO:colcon.colcon_core.plugin_system:Skipping extension 'colcon_core.shell.bat': Not used on non-Windows systems
[0.643s] INFO:colcon.colcon_core.shell:Creating environment hook '/home/margaritaf99/robot_control/install/robot_control/share/robot_control/hook/ament_prefix_path.ps1'
[0.645s] INFO:colcon.colcon_core.shell:Creating environment descriptor '/home/margaritaf99/robot_control/install/robot_control/share/robot_control/hook/ament_prefix_path.dsv'
[0.647s] INFO:colcon.colcon_core.shell:Creating environment hook '/home/margaritaf99/robot_control/install/robot_control/share/robot_control/hook/ament_prefix_path.sh'
[0.649s] INFO:colcon.colcon_core.shell:Skip shell extension 'powershell' for command environment: Not usable outside of PowerShell
[0.650s] DEBUG:colcon.colcon_core.shell:Skip shell extension 'dsv' for command environment
[1.194s] INFO:colcon.colcon_core.task.python.build:Building Python package in '/home/margaritaf99/robot_control'
[1.195s] INFO:colcon.colcon_core.shell:Skip shell extension 'powershell' for command environment: Not usable outside of PowerShell
[1.195s] DEBUG:colcon.colcon_core.shell:Skip shell extension 'dsv' for command environment
[2.742s] DEBUG:colcon.colcon_core.event_handler.log_command:Invoking command in '/home/margaritaf99/robot_control': PYTHONPATH=/home/margaritaf99/robot_control/build/robot_control/prefix_override:/usr/lib/python3/dist-packages/colcon_core/task/python/colcon_distutils_commands:/home/margaritaf99/robot_control/install/robot_control/lib/python3.12/site-packages:${PYTHONPATH} /usr/bin/python3 -W ignore:setup.py install is deprecated setup.py egg_info --egg-base build/robot_control build --build-base /home/margaritaf99/robot_control/build/robot_control/build install --record /home/margaritaf99/robot_control/build/robot_control/install.log --single-version-externally-managed install_data
[3.792s] DEBUG:colcon.colcon_core.event_handler.log_command:Invoked command in '/home/margaritaf99/robot_control' returned '0': PYTHONPATH=/home/margaritaf99/robot_control/build/robot_control/prefix_override:/usr/lib/python3/dist-packages/colcon_core/task/python/colcon_distutils_commands:/home/margaritaf99/robot_control/install/robot_control/lib/python3.12/site-packages:${PYTHONPATH} /usr/bin/python3 -W ignore:setup.py install is deprecated setup.py egg_info --egg-base build/robot_control build --build-base /home/margaritaf99/robot_control/build/robot_control/build install --record /home/margaritaf99/robot_control/build/robot_control/install.log --single-version-externally-managed install_data
[3.798s] Level 1:colcon.colcon_core.environment:checking '/home/margaritaf99/robot_control/install/robot_control' for CMake module files
[3.799s] Level 1:colcon.colcon_core.environment:checking '/home/margaritaf99/robot_control/install/robot_control' for CMake config files
[3.800s] Level 1:colcon.colcon_core.environment:checking '/home/margaritaf99/robot_control/install/robot_control/lib'
[3.801s] Level 1:colcon.colcon_core.environment:checking '/home/margaritaf99/robot_control/install/robot_control/bin'
[3.801s] Level 1:colcon.colcon_core.environment:checking '/home/margaritaf99/robot_control/install/robot_control/lib/pkgconfig/robot_control.pc'
[3.801s] Level 1:colcon.colcon_core.environment:checking '/home/margaritaf99/robot_control/install/robot_control/lib/python3.12/site-packages'
[3.801s] Level 1:colcon.colcon_core.shell:create_environment_hook('robot_control', 'pythonpath')
[3.802s] INFO:colcon.colcon_core.shell:Creating environment hook '/home/margaritaf99/robot_control/install/robot_control/share/robot_control/hook/pythonpath.ps1'
[3.803s] INFO:colcon.colcon_core.shell:Creating environment descriptor '/home/margaritaf99/robot_control/install/robot_control/share/robot_control/hook/pythonpath.dsv'
[3.804s] INFO:colcon.colcon_core.shell:Creating environment hook '/home/margaritaf99/robot_control/install/robot_control/share/robot_control/hook/pythonpath.sh'
[3.806s] Level 1:colcon.colcon_core.environment:checking '/home/margaritaf99/robot_control/install/robot_control/bin'
[3.806s] Level 1:colcon.colcon_core.environment:create_environment_scripts_only(robot_control)
[3.807s] INFO:colcon.colcon_core.shell:Creating package script '/home/margaritaf99/robot_control/install/robot_control/share/robot_control/package.ps1'
[3.808s] INFO:colcon.colcon_core.shell:Creating package descriptor '/home/margaritaf99/robot_control/install/robot_control/share/robot_control/package.dsv'
[3.808s] INFO:colcon.colcon_core.shell:Creating package script '/home/margaritaf99/robot_control/install/robot_control/share/robot_control/package.sh'
[3.809s] INFO:colcon.colcon_core.shell:Creating package script '/home/margaritaf99/robot_control/install/robot_control/share/robot_control/package.bash'
[3.811s] INFO:colcon.colcon_core.shell:Creating package script '/home/margaritaf99/robot_control/install/robot_control/share/robot_control/package.zsh'
[3.812s] Level 1:colcon.colcon_core.environment:create_file_with_runtime_dependencies(/home/margaritaf99/robot_control/install/robot_control/share/colcon-core/packages/robot_control)
[3.813s] DEBUG:colcon.colcon_parallel_executor.executor.parallel:closing loop
[3.814s] DEBUG:colcon.colcon_parallel_executor.executor.parallel:loop closed
[3.814s] DEBUG:colcon.colcon_parallel_executor.executor.parallel:run_until_complete finished with '0'
[3.815s] DEBUG:colcon.colcon_core.event_reactor:joining thread
[3.894s] INFO:colcon.colcon_core.plugin_system:Skipping extension 'colcon_notification.desktop_notification.notify_send': Could not find 'notify-send'
[3.895s] INFO:colcon.colcon_core.plugin_system:Skipping extension 'colcon_notification.desktop_notification.terminal_notifier': Not used on non-Darwin systems
[3.895s] INFO:colcon.colcon_core.plugin_system:Skipping extension 'colcon_notification.desktop_notification.win32': Not used on non-Windows systems
[3.895s] INFO:colcon.colcon_notification.desktop_notification:Sending desktop notification using 'notify2'
[3.897s] DEBUG:colcon.colcon_notification.desktop_notification.notify2:Failed to initialize notify2: org.freedesktop.DBus.Error.ServiceUnknown: The name org.freedesktop.Notifications was not provided by any .service files
[3.897s] DEBUG:colcon.colcon_core.event_reactor:joined thread
[3.898s] INFO:colcon.colcon_core.shell:Creating prefix script '/home/margaritaf99/robot_control/install/local_setup.ps1'
[3.900s] INFO:colcon.colcon_core.shell:Creating prefix util module '/home/margaritaf99/robot_control/install/_local_setup_util_ps1.py'
[3.902s] INFO:colcon.colcon_core.shell:Creating prefix chain script '/home/margaritaf99/robot_control/install/setup.ps1'
[3.904s] INFO:colcon.colcon_core.shell:Creating prefix script '/home/margaritaf99/robot_control/install/local_setup.sh'
[3.905s] INFO:colcon.colcon_core.shell:Creating prefix util module '/home/margaritaf99/robot_control/install/_local_setup_util_sh.py'
[3.906s] INFO:colcon.colcon_core.shell:Creating prefix chain script '/home/margaritaf99/robot_control/install/setup.sh'
[3.909s] INFO:colcon.colcon_core.shell:Creating prefix script '/home/margaritaf99/robot_control/install/local_setup.bash'
[3.910s] INFO:colcon.colcon_core.shell:Creating prefix chain script '/home/margaritaf99/robot_control/install/setup.bash'
[3.911s] INFO:colcon.colcon_core.shell:Creating prefix script '/home/margaritaf99/robot_control/install/local_setup.zsh'
[3.913s] INFO:colcon.colcon_core.shell:Creating prefix chain script '/home/margaritaf99/robot_control/install/setup.zsh'
