[0.253s] DEBUG:colcon:Command line arguments: ['/usr/bin/colcon', 'build']
[0.254s] DEBUG:colcon:Parsed command line arguments: Namespace(log_base=None, log_level=None, verb_name='build', build_base='build', install_base='install', merge_install=False, symlink_install=False, test_result_base=None, continue_on_error=False, executor='parallel', parallel_workers=12, event_handlers=None, ignore_user_meta=False, metas=['./colcon.meta'], base_paths=['.'], packages_ignore=None, packages_ignore_regex=None, paths=None, packages_up_to=None, packages_up_to_regex=None, packages_above=None, packages_above_and_dependencies=None, packages_above_depth=None, packages_select_by_dep=None, packages_skip_by_dep=None, packages_skip_up_to=None, packages_select_build_failed=False, packages_skip_build_finished=False, packages_select_test_failures=False, packages_skip_test_passed=False, packages_select=None, packages_skip=None, packages_select_regex=None, packages_skip_regex=None, packages_start=None, packages_end=None, allow_overriding=[], cmake_args=None, cmake_target=None, cmake_target_skip_unavailable=False, cmake_clean_cache=False, cmake_clean_first=False, cmake_force_configure=False, ament_cmake_args=None, catkin_cmake_args=None, catkin_skip_building_tests=False, verb_parser=<colcon_defaults.argument_parser.defaults.DefaultArgumentsDecorator object at 0x7ff0d8ab8fb0>, verb_extension=<colcon_core.verb.build.BuildVerb object at 0x7ff0d8ab8d10>, main=<bound method BuildVerb.main of <colcon_core.verb.build.BuildVerb object at 0x7ff0d8ab8d10>>)
[0.308s] Level 1:colcon.colcon_core.package_discovery:discover_packages(colcon_meta) check parameters
[0.308s] Level 1:colcon.colcon_core.package_discovery:discover_packages(recursive) check parameters
[0.308s] Level 1:colcon.colcon_core.package_discovery:discover_packages(ignore) check parameters
[0.308s] Level 1:colcon.colcon_core.package_discovery:discover_packages(path) check parameters
[0.308s] Level 1:colcon.colcon_core.package_discovery:discover_packages(colcon_meta) discover
[0.308s] Level 1:colcon.colcon_core.package_discovery:discover_packages(recursive) discover
[0.308s] INFO:colcon.colcon_core.package_discovery:Crawling recursively for packages in '/home/margaritaf99/robot_control'
[0.308s] Level 1:colcon.colcon_core.package_identification:_identify(.) by extensions ['ignore', 'ignore_ament_install']
[0.308s] Level 1:colcon.colcon_core.package_identification:_identify(.) by extension 'ignore'
[0.308s] Level 1:colcon.colcon_core.package_identification:_identify(.) by extension 'ignore_ament_install'
[0.309s] Level 1:colcon.colcon_core.package_identification:_identify(.) by extensions ['colcon_pkg']
[0.309s] Level 1:colcon.colcon_core.package_identification:_identify(.) by extension 'colcon_pkg'
[0.309s] Level 1:colcon.colcon_core.package_identification:_identify(.) by extensions ['colcon_meta']
[0.309s] Level 1:colcon.colcon_core.package_identification:_identify(.) by extension 'colcon_meta'
[0.309s] Level 1:colcon.colcon_core.package_identification:_identify(.) by extensions ['ros']
[0.309s] Level 1:colcon.colcon_core.package_identification:_identify(.) by extension 'ros'
[0.340s] DEBUG:colcon.colcon_core.package_identification:Package '.' with type 'ros.ament_python' and name 'robot_control'
[0.340s] Level 1:colcon.colcon_core.package_discovery:discover_packages(recursive) using defaults
[0.340s] Level 1:colcon.colcon_core.package_discovery:discover_packages(ignore) discover
[0.340s] Level 1:colcon.colcon_core.package_discovery:discover_packages(ignore) using defaults
[0.340s] Level 1:colcon.colcon_core.package_discovery:discover_packages(path) discover
[0.340s] Level 1:colcon.colcon_core.package_discovery:discover_packages(path) using defaults
[0.364s] Level 1:colcon.colcon_core.package_discovery:discover_packages(prefix_path) check parameters
[0.364s] Level 1:colcon.colcon_core.package_discovery:discover_packages(prefix_path) discover
[0.368s] DEBUG:colcon.colcon_installed_package_information.package_discovery:Found 1 installed packages in /home/margaritaf99/robot_control/install
[0.370s] DEBUG:colcon.colcon_installed_package_information.package_discovery:Found 315 installed packages in /opt/ros/jazzy
[0.371s] Level 1:colcon.colcon_core.package_discovery:discover_packages(prefix_path) using defaults
[0.468s] Level 5:colcon.colcon_core.verb:set package 'robot_control' build argument 'cmake_args' from command line to 'None'
[0.468s] Level 5:colcon.colcon_core.verb:set package 'robot_control' build argument 'cmake_target' from command line to 'None'
[0.468s] Level 5:colcon.colcon_core.verb:set package 'robot_control' build argument 'cmake_target_skip_unavailable' from command line to 'False'
[0.468s] Level 5:colcon.colcon_core.verb:set package 'robot_control' build argument 'cmake_clean_cache' from command line to 'False'
[0.468s] Level 5:colcon.colcon_core.verb:set package 'robot_control' build argument 'cmake_clean_first' from command line to 'False'
[0.468s] Level 5:colcon.colcon_core.verb:set package 'robot_control' build argument 'cmake_force_configure' from command line to 'False'
[0.469s] Level 5:colcon.colcon_core.verb:set package 'robot_control' build argument 'ament_cmake_args' from command line to 'None'
[0.469s] Level 5:colcon.colcon_core.verb:set package 'robot_control' build argument 'catkin_cmake_args' from command line to 'None'
[0.469s] Level 5:colcon.colcon_core.verb:set package 'robot_control' build argument 'catkin_skip_building_tests' from command line to 'False'
[0.469s] DEBUG:colcon.colcon_core.verb:Building package 'robot_control' with the following arguments: {'ament_cmake_args': None, 'build_base': '/home/margaritaf99/robot_control/build/robot_control', 'catkin_cmake_args': None, 'catkin_skip_building_tests': False, 'cmake_args': None, 'cmake_clean_cache': False, 'cmake_clean_first': False, 'cmake_force_configure': False, 'cmake_target': None, 'cmake_target_skip_unavailable': False, 'install_base': '/home/margaritaf99/robot_control/install/robot_control', 'merge_install': False, 'path': '/home/margaritaf99/robot_control', 'symlink_install': False, 'test_result_base': None}
[0.469s] INFO:colcon.colcon_core.executor:Executing jobs using 'parallel' executor
[0.470s] DEBUG:colcon.colcon_parallel_executor.executor.parallel:run_until_complete
[0.470s] INFO:colcon.colcon_ros.task.ament_python.build:Building ROS package in '/home/margaritaf99/robot_control' with build type 'ament_python'
[0.470s] Level 1:colcon.colcon_core.shell:create_environment_hook('robot_control', 'ament_prefix_path')
[0.475s] INFO:colcon.colcon_core.plugin_system:Skipping extension 'colcon_core.shell.bat': Not used on non-Windows systems
[0.475s] INFO:colcon.colcon_core.shell:Creating environment hook '/home/margaritaf99/robot_control/install/robot_control/share/robot_control/hook/ament_prefix_path.ps1'
[0.476s] INFO:colcon.colcon_core.shell:Creating environment descriptor '/home/margaritaf99/robot_control/install/robot_control/share/robot_control/hook/ament_prefix_path.dsv'
[0.476s] INFO:colcon.colcon_core.shell:Creating environment hook '/home/margaritaf99/robot_control/install/robot_control/share/robot_control/hook/ament_prefix_path.sh'
[0.477s] INFO:colcon.colcon_core.shell:Skip shell extension 'powershell' for command environment: Not usable outside of PowerShell
[0.477s] DEBUG:colcon.colcon_core.shell:Skip shell extension 'dsv' for command environment
[0.652s] INFO:colcon.colcon_core.task.python.build:Building Python package in '/home/margaritaf99/robot_control'
[0.653s] INFO:colcon.colcon_core.shell:Skip shell extension 'powershell' for command environment: Not usable outside of PowerShell
[0.653s] DEBUG:colcon.colcon_core.shell:Skip shell extension 'dsv' for command environment
[1.382s] DEBUG:colcon.colcon_core.event_handler.log_command:Invoking command in '/home/margaritaf99/robot_control': PYTHONPATH=/home/margaritaf99/robot_control/build/robot_control/prefix_override:/usr/lib/python3/dist-packages/colcon_core/task/python/colcon_distutils_commands:/home/margaritaf99/robot_control/install/robot_control/lib/python3.12/site-packages:${PYTHONPATH} /usr/bin/python3 -W ignore:setup.py install is deprecated setup.py egg_info --egg-base build/robot_control build --build-base /home/margaritaf99/robot_control/build/robot_control/build install --record /home/margaritaf99/robot_control/build/robot_control/install.log --single-version-externally-managed install_data
[1.807s] DEBUG:colcon.colcon_core.event_handler.log_command:Invoked command in '/home/margaritaf99/robot_control' returned '0': PYTHONPATH=/home/margaritaf99/robot_control/build/robot_control/prefix_override:/usr/lib/python3/dist-packages/colcon_core/task/python/colcon_distutils_commands:/home/margaritaf99/robot_control/install/robot_control/lib/python3.12/site-packages:${PYTHONPATH} /usr/bin/python3 -W ignore:setup.py install is deprecated setup.py egg_info --egg-base build/robot_control build --build-base /home/margaritaf99/robot_control/build/robot_control/build install --record /home/margaritaf99/robot_control/build/robot_control/install.log --single-version-externally-managed install_data
[1.812s] Level 1:colcon.colcon_core.environment:checking '/home/margaritaf99/robot_control/install/robot_control' for CMake module files
[1.813s] Level 1:colcon.colcon_core.environment:checking '/home/margaritaf99/robot_control/install/robot_control' for CMake config files
[1.816s] Level 1:colcon.colcon_core.environment:checking '/home/margaritaf99/robot_control/install/robot_control/lib'
[1.816s] Level 1:colcon.colcon_core.environment:checking '/home/margaritaf99/robot_control/install/robot_control/bin'
[1.816s] Level 1:colcon.colcon_core.environment:checking '/home/margaritaf99/robot_control/install/robot_control/lib/pkgconfig/robot_control.pc'
[1.816s] Level 1:colcon.colcon_core.environment:checking '/home/margaritaf99/robot_control/install/robot_control/lib/python3.12/site-packages'
[1.816s] Level 1:colcon.colcon_core.shell:create_environment_hook('robot_control', 'pythonpath')
[1.816s] INFO:colcon.colcon_core.shell:Creating environment hook '/home/margaritaf99/robot_control/install/robot_control/share/robot_control/hook/pythonpath.ps1'
[1.817s] INFO:colcon.colcon_core.shell:Creating environment descriptor '/home/margaritaf99/robot_control/install/robot_control/share/robot_control/hook/pythonpath.dsv'
[1.817s] INFO:colcon.colcon_core.shell:Creating environment hook '/home/margaritaf99/robot_control/install/robot_control/share/robot_control/hook/pythonpath.sh'
[1.818s] Level 1:colcon.colcon_core.environment:checking '/home/margaritaf99/robot_control/install/robot_control/bin'
[1.818s] Level 1:colcon.colcon_core.environment:create_environment_scripts_only(robot_control)
[1.818s] INFO:colcon.colcon_core.shell:Creating package script '/home/margaritaf99/robot_control/install/robot_control/share/robot_control/package.ps1'
[1.819s] INFO:colcon.colcon_core.shell:Creating package descriptor '/home/margaritaf99/robot_control/install/robot_control/share/robot_control/package.dsv'
[1.819s] INFO:colcon.colcon_core.shell:Creating package script '/home/margaritaf99/robot_control/install/robot_control/share/robot_control/package.sh'
[1.820s] INFO:colcon.colcon_core.shell:Creating package script '/home/margaritaf99/robot_control/install/robot_control/share/robot_control/package.bash'
[1.821s] INFO:colcon.colcon_core.shell:Creating package script '/home/margaritaf99/robot_control/install/robot_control/share/robot_control/package.zsh'
[1.821s] Level 1:colcon.colcon_core.environment:create_file_with_runtime_dependencies(/home/margaritaf99/robot_control/install/robot_control/share/colcon-core/packages/robot_control)
[1.822s] DEBUG:colcon.colcon_parallel_executor.executor.parallel:closing loop
[1.822s] DEBUG:colcon.colcon_parallel_executor.executor.parallel:loop closed
[1.823s] DEBUG:colcon.colcon_parallel_executor.executor.parallel:run_until_complete finished with '0'
[1.823s] DEBUG:colcon.colcon_core.event_reactor:joining thread
[1.865s] INFO:colcon.colcon_core.plugin_system:Skipping extension 'colcon_notification.desktop_notification.notify_send': Could not find 'notify-send'
[1.866s] INFO:colcon.colcon_core.plugin_system:Skipping extension 'colcon_notification.desktop_notification.terminal_notifier': Not used on non-Darwin systems
[1.866s] INFO:colcon.colcon_core.plugin_system:Skipping extension 'colcon_notification.desktop_notification.win32': Not used on non-Windows systems
[1.866s] INFO:colcon.colcon_notification.desktop_notification:Sending desktop notification using 'notify2'
[1.867s] DEBUG:colcon.colcon_notification.desktop_notification.notify2:Failed to initialize notify2: org.freedesktop.DBus.Error.ServiceUnknown: The name org.freedesktop.Notifications was not provided by any .service files
[1.867s] DEBUG:colcon.colcon_core.event_reactor:joined thread
[1.868s] INFO:colcon.colcon_core.shell:Creating prefix script '/home/margaritaf99/robot_control/install/local_setup.ps1'
[1.868s] INFO:colcon.colcon_core.shell:Creating prefix util module '/home/margaritaf99/robot_control/install/_local_setup_util_ps1.py'
[1.870s] INFO:colcon.colcon_core.shell:Creating prefix chain script '/home/margaritaf99/robot_control/install/setup.ps1'
[1.871s] INFO:colcon.colcon_core.shell:Creating prefix script '/home/margaritaf99/robot_control/install/local_setup.sh'
[1.871s] INFO:colcon.colcon_core.shell:Creating prefix util module '/home/margaritaf99/robot_control/install/_local_setup_util_sh.py'
[1.872s] INFO:colcon.colcon_core.shell:Creating prefix chain script '/home/margaritaf99/robot_control/install/setup.sh'
[1.873s] INFO:colcon.colcon_core.shell:Creating prefix script '/home/margaritaf99/robot_control/install/local_setup.bash'
[1.873s] INFO:colcon.colcon_core.shell:Creating prefix chain script '/home/margaritaf99/robot_control/install/setup.bash'
[1.874s] INFO:colcon.colcon_core.shell:Creating prefix script '/home/margaritaf99/robot_control/install/local_setup.zsh'
[1.875s] INFO:colcon.colcon_core.shell:Creating prefix chain script '/home/margaritaf99/robot_control/install/setup.zsh'
