[1.542s] Invoking command in '/home/margaritaf99/robot_control': PYTHONPATH=/home/margaritaf99/robot_control/build/robot_control/prefix_override:/usr/lib/python3/dist-packages/colcon_core/task/python/colcon_distutils_commands:/home/margaritaf99/robot_control/install/robot_control/lib/python3.12/site-packages:${PYTHONPATH} /usr/bin/python3 -W ignore:setup.py install is deprecated setup.py egg_info --egg-base build/robot_control build --build-base /home/margaritaf99/robot_control/build/robot_control/build install --record /home/margaritaf99/robot_control/build/robot_control/install.log --single-version-externally-managed install_data
[1.942s] running egg_info
[1.970s] writing build/robot_control/robot_control.egg-info/PKG-INFO
[1.970s] writing dependency_links to build/robot_control/robot_control.egg-info/dependency_links.txt
[1.970s] writing entry points to build/robot_control/robot_control.egg-info/entry_points.txt
[1.971s] writing requirements to build/robot_control/robot_control.egg-info/requires.txt
[1.971s] writing top-level names to build/robot_control/robot_control.egg-info/top_level.txt
[2.024s] reading manifest file 'build/robot_control/robot_control.egg-info/SOURCES.txt'
[2.024s] adding license file 'LICENSE'
[2.025s] writing manifest file 'build/robot_control/robot_control.egg-info/SOURCES.txt'
[2.025s] running build
[2.025s] running build_py
[2.025s] copying robot_control/robot.py -> /home/margaritaf99/robot_control/build/robot_control/build/lib/robot_control
[2.026s] running install
[2.035s] running install_lib
[2.063s] copying /home/margaritaf99/robot_control/build/robot_control/build/lib/robot_control/robot.py -> /home/margaritaf99/robot_control/install/robot_control/lib/python3.12/site-packages/robot_control
[2.064s] byte-compiling /home/margaritaf99/robot_control/install/robot_control/lib/python3.12/site-packages/robot_control/robot.py to robot.cpython-312.pyc
[2.068s] running install_data
[2.068s] running install_egg_info
[2.096s] removing '/home/margaritaf99/robot_control/install/robot_control/lib/python3.12/site-packages/robot_control-0.0.0-py3.12.egg-info' (and everything under it)
[2.097s] Copying build/robot_control/robot_control.egg-info to /home/margaritaf99/robot_control/install/robot_control/lib/python3.12/site-packages/robot_control-0.0.0-py3.12.egg-info
[2.099s] running install_scripts
[2.304s] Installing robot script to /home/margaritaf99/robot_control/install/robot_control/lib/robot_control
[2.306s] writing list of installed files to '/home/margaritaf99/robot_control/build/robot_control/install.log'
[2.464s] Invoked command in '/home/margaritaf99/robot_control' returned '0': PYTHONPATH=/home/margaritaf99/robot_control/build/robot_control/prefix_override:/usr/lib/python3/dist-packages/colcon_core/task/python/colcon_distutils_commands:/home/margaritaf99/robot_control/install/robot_control/lib/python3.12/site-packages:${PYTHONPATH} /usr/bin/python3 -W ignore:setup.py install is deprecated setup.py egg_info --egg-base build/robot_control build --build-base /home/margaritaf99/robot_control/build/robot_control/build install --record /home/margaritaf99/robot_control/build/robot_control/install.log --single-version-externally-managed install_data
