[0.615s] Invoking command in '/home/margaritaf99/robot_control': PYTHONPATH=/home/margaritaf99/robot_control/build/robot_control/prefix_override:/usr/lib/python3/dist-packages/colcon_core/task/python/colcon_distutils_commands:/home/margaritaf99/robot_control/install/robot_control/lib/python3.12/site-packages:${PYTHONPATH} /usr/bin/python3 -W ignore:setup.py install is deprecated setup.py egg_info --egg-base build/robot_control build --build-base /home/margaritaf99/robot_control/build/robot_control/build install --record /home/margaritaf99/robot_control/build/robot_control/install.log --single-version-externally-managed install_data
[0.812s] running egg_info
[0.826s] writing build/robot_control/robot_control.egg-info/PKG-INFO
[0.826s] writing dependency_links to build/robot_control/robot_control.egg-info/dependency_links.txt
[0.826s] writing entry points to build/robot_control/robot_control.egg-info/entry_points.txt
[0.827s] writing requirements to build/robot_control/robot_control.egg-info/requires.txt
[0.827s] writing top-level names to build/robot_control/robot_control.egg-info/top_level.txt
[0.856s] reading manifest file 'build/robot_control/robot_control.egg-info/SOURCES.txt'
[0.856s] adding license file 'LICENSE'
[0.857s] writing manifest file 'build/robot_control/robot_control.egg-info/SOURCES.txt'
[0.857s] running build
[0.857s] running build_py
[0.857s] running install
[0.862s] running install_lib
[0.877s] running install_data
[0.877s] running install_egg_info
[0.892s] removing '/home/margaritaf99/robot_control/install/robot_control/lib/python3.12/site-packages/robot_control-0.0.0-py3.12.egg-info' (and everything under it)
[0.892s] Copying build/robot_control/robot_control.egg-info to /home/margaritaf99/robot_control/install/robot_control/lib/python3.12/site-packages/robot_control-0.0.0-py3.12.egg-info
[0.893s] running install_scripts
[0.995s] Installing robot script to /home/margaritaf99/robot_control/install/robot_control/lib/robot_control
[0.995s] writing list of installed files to '/home/margaritaf99/robot_control/build/robot_control/install.log'
[1.017s] Invoked command in '/home/margaritaf99/robot_control' returned '0': PYTHONPATH=/home/margaritaf99/robot_control/build/robot_control/prefix_override:/usr/lib/python3/dist-packages/colcon_core/task/python/colcon_distutils_commands:/home/margaritaf99/robot_control/install/robot_control/lib/python3.12/site-packages:${PYTHONPATH} /usr/bin/python3 -W ignore:setup.py install is deprecated setup.py egg_info --egg-base build/robot_control build --build-base /home/margaritaf99/robot_control/build/robot_control/build install --record /home/margaritaf99/robot_control/build/robot_control/install.log --single-version-externally-managed install_data
