[2.173s] Invoking command in '/home/margaritaf99/robot_control': PYTHONPATH=/home/margaritaf99/robot_control/build/robot_control/prefix_override:/usr/lib/python3/dist-packages/colcon_core/task/python/colcon_distutils_commands:/home/margaritaf99/robot_control/install/robot_control/lib/python3.12/site-packages:${PYTHONPATH} /usr/bin/python3 -W ignore:setup.py install is deprecated setup.py egg_info --egg-base build/robot_control build --build-base /home/margaritaf99/robot_control/build/robot_control/build install --record /home/margaritaf99/robot_control/build/robot_control/install.log --single-version-externally-managed install_data
[2.942s] running egg_info
[2.984s] writing build/robot_control/robot_control.egg-info/PKG-INFO
[2.986s] writing dependency_links to build/robot_control/robot_control.egg-info/dependency_links.txt
[2.986s] writing entry points to build/robot_control/robot_control.egg-info/entry_points.txt
[2.987s] writing requirements to build/robot_control/robot_control.egg-info/requires.txt
[2.987s] writing top-level names to build/robot_control/robot_control.egg-info/top_level.txt
[3.069s] reading manifest file 'build/robot_control/robot_control.egg-info/SOURCES.txt'
[3.069s] adding license file 'LICENSE'
[3.070s] writing manifest file 'build/robot_control/robot_control.egg-info/SOURCES.txt'
[3.071s] running build
[3.072s] running build_py
[3.073s] running install
[3.087s] running install_lib
[3.141s] running install_data
[3.141s] running install_egg_info
[3.189s] removing '/home/margaritaf99/robot_control/install/robot_control/lib/python3.12/site-packages/robot_control-0.0.0-py3.12.egg-info' (and everything under it)
[3.191s] Copying build/robot_control/robot_control.egg-info to /home/margaritaf99/robot_control/install/robot_control/lib/python3.12/site-packages/robot_control-0.0.0-py3.12.egg-info
[3.197s] running install_scripts
[3.556s] Installing robot script to /home/margaritaf99/robot_control/install/robot_control/lib/robot_control
[3.559s] writing list of installed files to '/home/margaritaf99/robot_control/build/robot_control/install.log'
[3.796s] Invoked command in '/home/margaritaf99/robot_control' returned '0': PYTHONPATH=/home/margaritaf99/robot_control/build/robot_control/prefix_override:/usr/lib/python3/dist-packages/colcon_core/task/python/colcon_distutils_commands:/home/margaritaf99/robot_control/install/robot_control/lib/python3.12/site-packages:${PYTHONPATH} /usr/bin/python3 -W ignore:setup.py install is deprecated setup.py egg_info --egg-base build/robot_control build --build-base /home/margaritaf99/robot_control/build/robot_control/build install --record /home/margaritaf99/robot_control/build/robot_control/install.log --single-version-externally-managed install_data
