[0.630s] Invoking command in '/home/margaritaf99/robot_control': PYTHONPATH=/home/margaritaf99/robot_control/build/robot_control/prefix_override:/usr/lib/python3/dist-packages/colcon_core/task/python/colcon_distutils_commands:/home/margaritaf99/robot_control/install/robot_control/lib/python3.12/site-packages:${PYTHONPATH} /usr/bin/python3 -W ignore:setup.py install is deprecated setup.py egg_info --egg-base build/robot_control build --build-base /home/margaritaf99/robot_control/build/robot_control/build install --record /home/margaritaf99/robot_control/build/robot_control/install.log --single-version-externally-managed install_data
[0.832s] running egg_info
[0.846s] writing build/robot_control/robot_control.egg-info/PKG-INFO
[0.846s] writing dependency_links to build/robot_control/robot_control.egg-info/dependency_links.txt
[0.847s] writing entry points to build/robot_control/robot_control.egg-info/entry_points.txt
[0.847s] writing requirements to build/robot_control/robot_control.egg-info/requires.txt
[0.847s] writing top-level names to build/robot_control/robot_control.egg-info/top_level.txt
[0.877s] reading manifest file 'build/robot_control/robot_control.egg-info/SOURCES.txt'
[0.877s] adding license file 'LICENSE'
[0.878s] writing manifest file 'build/robot_control/robot_control.egg-info/SOURCES.txt'
[0.878s] running build
[0.878s] running build_py
[0.878s] copying robot_control/robot.py -> /home/margaritaf99/robot_control/build/robot_control/build/lib/robot_control
[0.878s] running install
[0.883s] running install_lib
[0.898s] copying /home/margaritaf99/robot_control/build/robot_control/build/lib/robot_control/robot.py -> /home/margaritaf99/robot_control/install/robot_control/lib/python3.12/site-packages/robot_control
[0.899s] byte-compiling /home/margaritaf99/robot_control/install/robot_control/lib/python3.12/site-packages/robot_control/robot.py to robot.cpython-312.pyc
[0.901s] running install_data
[0.901s] running install_egg_info
[0.917s] removing '/home/margaritaf99/robot_control/install/robot_control/lib/python3.12/site-packages/robot_control-0.0.0-py3.12.egg-info' (and everything under it)
[0.917s] Copying build/robot_control/robot_control.egg-info to /home/margaritaf99/robot_control/install/robot_control/lib/python3.12/site-packages/robot_control-0.0.0-py3.12.egg-info
[0.918s] running install_scripts
[1.021s] Installing robot script to /home/margaritaf99/robot_control/install/robot_control/lib/robot_control
[1.021s] writing list of installed files to '/home/margaritaf99/robot_control/build/robot_control/install.log'
[1.046s] Invoked command in '/home/margaritaf99/robot_control' returned '0': PYTHONPATH=/home/margaritaf99/robot_control/build/robot_control/prefix_override:/usr/lib/python3/dist-packages/colcon_core/task/python/colcon_distutils_commands:/home/margaritaf99/robot_control/install/robot_control/lib/python3.12/site-packages:${PYTHONPATH} /usr/bin/python3 -W ignore:setup.py install is deprecated setup.py egg_info --egg-base build/robot_control build --build-base /home/margaritaf99/robot_control/build/robot_control/build install --record /home/margaritaf99/robot_control/build/robot_control/install.log --single-version-externally-managed install_data
