[1.678s] Invoking command in '/home/margaritaf99/robot_control': PYTHONPATH=/home/margaritaf99/robot_control/build/robot_control/prefix_override:/usr/lib/python3/dist-packages/colcon_core/task/python/colcon_distutils_commands:/home/margaritaf99/robot_control/install/robot_control/lib/python3.12/site-packages:${PYTHONPATH} /usr/bin/python3 -W ignore:setup.py install is deprecated setup.py egg_info --egg-base build/robot_control build --build-base /home/margaritaf99/robot_control/build/robot_control/build install --record /home/margaritaf99/robot_control/build/robot_control/install.log --single-version-externally-managed install_data
[2.111s] running egg_info
[2.144s] writing build/robot_control/robot_control.egg-info/PKG-INFO
[2.145s] writing dependency_links to build/robot_control/robot_control.egg-info/dependency_links.txt
[2.145s] writing entry points to build/robot_control/robot_control.egg-info/entry_points.txt
[2.146s] writing requirements to build/robot_control/robot_control.egg-info/requires.txt
[2.146s] writing top-level names to build/robot_control/robot_control.egg-info/top_level.txt
[2.209s] reading manifest file 'build/robot_control/robot_control.egg-info/SOURCES.txt'
[2.210s] adding license file 'LICENSE'
[2.210s] writing manifest file 'build/robot_control/robot_control.egg-info/SOURCES.txt'
[2.211s] running build
[2.211s] running build_py
[2.212s] running install
[2.221s] running install_lib
[2.250s] running install_data
[2.250s] running install_egg_info
[2.286s] removing '/home/margaritaf99/robot_control/install/robot_control/lib/python3.12/site-packages/robot_control-0.0.0-py3.12.egg-info' (and everything under it)
[2.287s] Copying build/robot_control/robot_control.egg-info to /home/margaritaf99/robot_control/install/robot_control/lib/python3.12/site-packages/robot_control-0.0.0-py3.12.egg-info
[2.291s] running install_scripts
[2.527s] Installing robot script to /home/margaritaf99/robot_control/install/robot_control/lib/robot_control
[2.529s] writing list of installed files to '/home/margaritaf99/robot_control/build/robot_control/install.log'
[2.705s] Invoked command in '/home/margaritaf99/robot_control' returned '0': PYTHONPATH=/home/margaritaf99/robot_control/build/robot_control/prefix_override:/usr/lib/python3/dist-packages/colcon_core/task/python/colcon_distutils_commands:/home/margaritaf99/robot_control/install/robot_control/lib/python3.12/site-packages:${PYTHONPATH} /usr/bin/python3 -W ignore:setup.py install is deprecated setup.py egg_info --egg-base build/robot_control build --build-base /home/margaritaf99/robot_control/build/robot_control/build install --record /home/margaritaf99/robot_control/build/robot_control/install.log --single-version-externally-managed install_data
