[1.329s] Invoking command in '/home/margaritaf99/robot_control': PYTHONPATH=/home/margaritaf99/robot_control/build/robot_control/prefix_override:/usr/lib/python3/dist-packages/colcon_core/task/python/colcon_distutils_commands:/home/margaritaf99/robot_control/install/robot_control/lib/python3.12/site-packages:${PYTHONPATH} /usr/bin/python3 -W ignore:setup.py install is deprecated setup.py egg_info --egg-base build/robot_control build --build-base /home/margaritaf99/robot_control/build/robot_control/build install --record /home/margaritaf99/robot_control/build/robot_control/install.log --single-version-externally-managed install_data
[1.692s] running egg_info
[1.712s] writing build/robot_control/robot_control.egg-info/PKG-INFO
[1.713s] writing dependency_links to build/robot_control/robot_control.egg-info/dependency_links.txt
[1.713s] writing entry points to build/robot_control/robot_control.egg-info/entry_points.txt
[1.713s] writing requirements to build/robot_control/robot_control.egg-info/requires.txt
[1.714s] writing top-level names to build/robot_control/robot_control.egg-info/top_level.txt
[1.759s] reading manifest file 'build/robot_control/robot_control.egg-info/SOURCES.txt'
[1.760s] adding license file 'LICENSE'
[1.762s] writing manifest file 'build/robot_control/robot_control.egg-info/SOURCES.txt'
[1.763s] running build
[1.763s] running build_py
[1.763s] copying robot_control/robot.py -> /home/margaritaf99/robot_control/build/robot_control/build/lib/robot_control
[1.764s] running install
[1.772s] running install_lib
[1.797s] copying /home/margaritaf99/robot_control/build/robot_control/build/lib/robot_control/robot.py -> /home/margaritaf99/robot_control/install/robot_control/lib/python3.12/site-packages/robot_control
[1.798s] byte-compiling /home/margaritaf99/robot_control/install/robot_control/lib/python3.12/site-packages/robot_control/robot.py to robot.cpython-312.pyc
[1.799s] running install_data
[1.800s] running install_egg_info
[1.821s] removing '/home/margaritaf99/robot_control/install/robot_control/lib/python3.12/site-packages/robot_control-0.0.0-py3.12.egg-info' (and everything under it)
[1.822s] Copying build/robot_control/robot_control.egg-info to /home/margaritaf99/robot_control/install/robot_control/lib/python3.12/site-packages/robot_control-0.0.0-py3.12.egg-info
[1.823s] running install_scripts
[1.998s] Installing robot script to /home/margaritaf99/robot_control/install/robot_control/lib/robot_control
[1.998s] writing list of installed files to '/home/margaritaf99/robot_control/build/robot_control/install.log'
[2.134s] Invoked command in '/home/margaritaf99/robot_control' returned '0': PYTHONPATH=/home/margaritaf99/robot_control/build/robot_control/prefix_override:/usr/lib/python3/dist-packages/colcon_core/task/python/colcon_distutils_commands:/home/margaritaf99/robot_control/install/robot_control/lib/python3.12/site-packages:${PYTHONPATH} /usr/bin/python3 -W ignore:setup.py install is deprecated setup.py egg_info --egg-base build/robot_control build --build-base /home/margaritaf99/robot_control/build/robot_control/build install --record /home/margaritaf99/robot_control/build/robot_control/install.log --single-version-externally-managed install_data
