[1.041s] Invoking command in '/home/margaritaf99/robot_control': PYTHONPATH=/home/margaritaf99/robot_control/build/robot_control/prefix_override:/usr/lib/python3/dist-packages/colcon_core/task/python/colcon_distutils_commands:/home/margaritaf99/robot_control/install/robot_control/lib/python3.12/site-packages:${PYTHONPATH} /usr/bin/python3 -W ignore:setup.py install is deprecated setup.py egg_info --egg-base build/robot_control build --build-base /home/margaritaf99/robot_control/build/robot_control/build install --record /home/margaritaf99/robot_control/build/robot_control/install.log --single-version-externally-managed install_data
[1.315s] running egg_info
[1.336s] writing build/robot_control/robot_control.egg-info/PKG-INFO
[1.337s] writing dependency_links to build/robot_control/robot_control.egg-info/dependency_links.txt
[1.337s] writing entry points to build/robot_control/robot_control.egg-info/entry_points.txt
[1.337s] writing requirements to build/robot_control/robot_control.egg-info/requires.txt
[1.338s] writing top-level names to build/robot_control/robot_control.egg-info/top_level.txt
[1.378s] reading manifest file 'build/robot_control/robot_control.egg-info/SOURCES.txt'
[1.379s] adding license file 'LICENSE'
[1.379s] writing manifest file 'build/robot_control/robot_control.egg-info/SOURCES.txt'
[1.380s] running build
[1.380s] running build_py
[1.380s] running install
[1.385s] running install_lib
[1.407s] running install_data
[1.407s] running install_egg_info
[1.431s] removing '/home/margaritaf99/robot_control/install/robot_control/lib/python3.12/site-packages/robot_control-0.0.0-py3.12.egg-info' (and everything under it)
[1.431s] Copying build/robot_control/robot_control.egg-info to /home/margaritaf99/robot_control/install/robot_control/lib/python3.12/site-packages/robot_control-0.0.0-py3.12.egg-info
[1.434s] running install_scripts
[1.607s] Installing robot script to /home/margaritaf99/robot_control/install/robot_control/lib/robot_control
[1.608s] writing list of installed files to '/home/margaritaf99/robot_control/build/robot_control/install.log'
[1.688s] Invoked command in '/home/margaritaf99/robot_control' returned '0': PYTHONPATH=/home/margaritaf99/robot_control/build/robot_control/prefix_override:/usr/lib/python3/dist-packages/colcon_core/task/python/colcon_distutils_commands:/home/margaritaf99/robot_control/install/robot_control/lib/python3.12/site-packages:${PYTHONPATH} /usr/bin/python3 -W ignore:setup.py install is deprecated setup.py egg_info --egg-base build/robot_control build --build-base /home/margaritaf99/robot_control/build/robot_control/build install --record /home/margaritaf99/robot_control/build/robot_control/install.log --single-version-externally-managed install_data
