[0.616s] Invoking command in '/home/margaritaf99/robot_control': PYTHONPATH=/home/margaritaf99/robot_control/build/robot_control/prefix_override:/usr/lib/python3/dist-packages/colcon_core/task/python/colcon_distutils_commands:/home/margaritaf99/robot_control/install/robot_control/lib/python3.12/site-packages:${PYTHONPATH} /usr/bin/python3 -W ignore:setup.py install is deprecated setup.py egg_info --egg-base build/robot_control build --build-base /home/margaritaf99/robot_control/build/robot_control/build install --record /home/margaritaf99/robot_control/build/robot_control/install.log --single-version-externally-managed install_data
[0.819s] running egg_info
[0.834s] writing build/robot_control/robot_control.egg-info/PKG-INFO
[0.834s] writing dependency_links to build/robot_control/robot_control.egg-info/dependency_links.txt
[0.834s] writing entry points to build/robot_control/robot_control.egg-info/entry_points.txt
[0.835s] writing requirements to build/robot_control/robot_control.egg-info/requires.txt
[0.835s] writing top-level names to build/robot_control/robot_control.egg-info/top_level.txt
[0.864s] reading manifest file 'build/robot_control/robot_control.egg-info/SOURCES.txt'
[0.864s] adding license file 'LICENSE'
[0.865s] writing manifest file 'build/robot_control/robot_control.egg-info/SOURCES.txt'
[0.865s] running build
[0.865s] running build_py
[0.865s] copying robot_control/robot.py -> /home/margaritaf99/robot_control/build/robot_control/build/lib/robot_control
[0.865s] running install
[0.871s] running install_lib
[0.887s] copying /home/margaritaf99/robot_control/build/robot_control/build/lib/robot_control/robot.py -> /home/margaritaf99/robot_control/install/robot_control/lib/python3.12/site-packages/robot_control
[0.887s] byte-compiling /home/margaritaf99/robot_control/install/robot_control/lib/python3.12/site-packages/robot_control/robot.py to robot.cpython-312.pyc
[0.889s] running install_data
[0.890s] running install_egg_info
[0.905s] removing '/home/margaritaf99/robot_control/install/robot_control/lib/python3.12/site-packages/robot_control-0.0.0-py3.12.egg-info' (and everything under it)
[0.906s] Copying build/robot_control/robot_control.egg-info to /home/margaritaf99/robot_control/install/robot_control/lib/python3.12/site-packages/robot_control-0.0.0-py3.12.egg-info
[0.907s] running install_scripts
[1.009s] Installing robot script to /home/margaritaf99/robot_control/install/robot_control/lib/robot_control
[1.009s] writing list of installed files to '/home/margaritaf99/robot_control/build/robot_control/install.log'
[1.032s] Invoked command in '/home/margaritaf99/robot_control' returned '0': PYTHONPATH=/home/margaritaf99/robot_control/build/robot_control/prefix_override:/usr/lib/python3/dist-packages/colcon_core/task/python/colcon_distutils_commands:/home/margaritaf99/robot_control/install/robot_control/lib/python3.12/site-packages:${PYTHONPATH} /usr/bin/python3 -W ignore:setup.py install is deprecated setup.py egg_info --egg-base build/robot_control build --build-base /home/margaritaf99/robot_control/build/robot_control/build install --record /home/margaritaf99/robot_control/build/robot_control/install.log --single-version-externally-managed install_data
