[1.343s] Invoking command in '/home/margaritaf99/robot_control': PYTHONPATH=/home/margaritaf99/robot_control/build/robot_control/prefix_override:/usr/lib/python3/dist-packages/colcon_core/task/python/colcon_distutils_commands:/home/margaritaf99/robot_control/install/robot_control/lib/python3.12/site-packages:${PYTHONPATH} /usr/bin/python3 -W ignore:setup.py install is deprecated setup.py egg_info --egg-base build/robot_control build --build-base /home/margaritaf99/robot_control/build/robot_control/build install --record /home/margaritaf99/robot_control/build/robot_control/install.log --single-version-externally-managed install_data
[1.721s] running egg_info
[1.749s] writing build/robot_control/robot_control.egg-info/PKG-INFO
[1.751s] writing dependency_links to build/robot_control/robot_control.egg-info/dependency_links.txt
[1.751s] writing entry points to build/robot_control/robot_control.egg-info/entry_points.txt
[1.751s] writing requirements to build/robot_control/robot_control.egg-info/requires.txt
[1.752s] writing top-level names to build/robot_control/robot_control.egg-info/top_level.txt
[1.800s] reading manifest file 'build/robot_control/robot_control.egg-info/SOURCES.txt'
[1.800s] adding license file 'LICENSE'
[1.801s] writing manifest file 'build/robot_control/robot_control.egg-info/SOURCES.txt'
[1.801s] running build
[1.802s] running build_py
[1.802s] copying robot_control/robot.py -> /home/margaritaf99/robot_control/build/robot_control/build/lib/robot_control
[1.803s] running install
[1.813s] running install_lib
[1.841s] copying /home/margaritaf99/robot_control/build/robot_control/build/lib/robot_control/robot.py -> /home/margaritaf99/robot_control/install/robot_control/lib/python3.12/site-packages/robot_control
[1.841s] byte-compiling /home/margaritaf99/robot_control/install/robot_control/lib/python3.12/site-packages/robot_control/robot.py to robot.cpython-312.pyc
[1.847s] running install_data
[1.847s] running install_egg_info
[1.872s] removing '/home/margaritaf99/robot_control/install/robot_control/lib/python3.12/site-packages/robot_control-0.0.0-py3.12.egg-info' (and everything under it)
[1.873s] Copying build/robot_control/robot_control.egg-info to /home/margaritaf99/robot_control/install/robot_control/lib/python3.12/site-packages/robot_control-0.0.0-py3.12.egg-info
[1.876s] running install_scripts
[2.062s] Installing robot script to /home/margaritaf99/robot_control/install/robot_control/lib/robot_control
[2.063s] writing list of installed files to '/home/margaritaf99/robot_control/build/robot_control/install.log'
[2.214s] Invoked command in '/home/margaritaf99/robot_control' returned '0': PYTHONPATH=/home/margaritaf99/robot_control/build/robot_control/prefix_override:/usr/lib/python3/dist-packages/colcon_core/task/python/colcon_distutils_commands:/home/margaritaf99/robot_control/install/robot_control/lib/python3.12/site-packages:${PYTHONPATH} /usr/bin/python3 -W ignore:setup.py install is deprecated setup.py egg_info --egg-base build/robot_control build --build-base /home/margaritaf99/robot_control/build/robot_control/build install --record /home/margaritaf99/robot_control/build/robot_control/install.log --single-version-externally-managed install_data
