[1.474s] Invoking command in '/home/margaritaf99/robot_control': PYTHONPATH=/home/margaritaf99/robot_control/build/robot_control/prefix_override:/usr/lib/python3/dist-packages/colcon_core/task/python/colcon_distutils_commands:/home/margaritaf99/robot_control/install/robot_control/lib/python3.12/site-packages:${PYTHONPATH} /usr/bin/python3 -W ignore:setup.py install is deprecated setup.py egg_info --egg-base build/robot_control build --build-base /home/margaritaf99/robot_control/build/robot_control/build install --record /home/margaritaf99/robot_control/build/robot_control/install.log --single-version-externally-managed install_data
[1.857s] running egg_info
[1.882s] writing build/robot_control/robot_control.egg-info/PKG-INFO
[1.883s] writing dependency_links to build/robot_control/robot_control.egg-info/dependency_links.txt
[1.883s] writing entry points to build/robot_control/robot_control.egg-info/entry_points.txt
[1.884s] writing requirements to build/robot_control/robot_control.egg-info/requires.txt
[1.884s] writing top-level names to build/robot_control/robot_control.egg-info/top_level.txt
[1.936s] reading manifest file 'build/robot_control/robot_control.egg-info/SOURCES.txt'
[1.936s] adding license file 'LICENSE'
[1.937s] writing manifest file 'build/robot_control/robot_control.egg-info/SOURCES.txt'
[1.937s] running build
[1.938s] running build_py
[1.938s] copying robot_control/robot.py -> /home/margaritaf99/robot_control/build/robot_control/build/lib/robot_control
[1.939s] running install
[1.948s] running install_lib
[1.977s] copying /home/margaritaf99/robot_control/build/robot_control/build/lib/robot_control/robot.py -> /home/margaritaf99/robot_control/install/robot_control/lib/python3.12/site-packages/robot_control
[1.978s] byte-compiling /home/margaritaf99/robot_control/install/robot_control/lib/python3.12/site-packages/robot_control/robot.py to robot.cpython-312.pyc
[1.984s] running install_data
[1.985s] running install_egg_info
[2.019s] removing '/home/margaritaf99/robot_control/install/robot_control/lib/python3.12/site-packages/robot_control-0.0.0-py3.12.egg-info' (and everything under it)
[2.020s] Copying build/robot_control/robot_control.egg-info to /home/margaritaf99/robot_control/install/robot_control/lib/python3.12/site-packages/robot_control-0.0.0-py3.12.egg-info
[2.022s] running install_scripts
[2.224s] Installing robot script to /home/margaritaf99/robot_control/install/robot_control/lib/robot_control
[2.224s] writing list of installed files to '/home/margaritaf99/robot_control/build/robot_control/install.log'
[2.351s] Invoked command in '/home/margaritaf99/robot_control' returned '0': PYTHONPATH=/home/margaritaf99/robot_control/build/robot_control/prefix_override:/usr/lib/python3/dist-packages/colcon_core/task/python/colcon_distutils_commands:/home/margaritaf99/robot_control/install/robot_control/lib/python3.12/site-packages:${PYTHONPATH} /usr/bin/python3 -W ignore:setup.py install is deprecated setup.py egg_info --egg-base build/robot_control build --build-base /home/margaritaf99/robot_control/build/robot_control/build install --record /home/margaritaf99/robot_control/build/robot_control/install.log --single-version-externally-managed install_data
