[1.747s] Invoking command in '/home/margaritaf99/robot_control': PYTHONPATH=/home/margaritaf99/robot_control/build/robot_control/prefix_override:/usr/lib/python3/dist-packages/colcon_core/task/python/colcon_distutils_commands:/home/margaritaf99/robot_control/install/robot_control/lib/python3.12/site-packages:${PYTHONPATH} /usr/bin/python3 -W ignore:setup.py install is deprecated setup.py egg_info --egg-base build/robot_control build --build-base /home/margaritaf99/robot_control/build/robot_control/build install --record /home/margaritaf99/robot_control/build/robot_control/install.log --single-version-externally-managed install_data
[2.209s] running egg_info
[2.237s] writing build/robot_control/robot_control.egg-info/PKG-INFO
[2.238s] writing dependency_links to build/robot_control/robot_control.egg-info/dependency_links.txt
[2.238s] writing entry points to build/robot_control/robot_control.egg-info/entry_points.txt
[2.238s] writing requirements to build/robot_control/robot_control.egg-info/requires.txt
[2.238s] writing top-level names to build/robot_control/robot_control.egg-info/top_level.txt
[2.302s] reading manifest file 'build/robot_control/robot_control.egg-info/SOURCES.txt'
[2.303s] adding license file 'LICENSE'
[2.304s] writing manifest file 'build/robot_control/robot_control.egg-info/SOURCES.txt'
[2.304s] running build
[2.304s] running build_py
[2.304s] copying robot_control/robot.py -> /home/margaritaf99/robot_control/build/robot_control/build/lib/robot_control
[2.305s] running install
[2.315s] running install_lib
[2.351s] copying /home/margaritaf99/robot_control/build/robot_control/build/lib/robot_control/robot.py -> /home/margaritaf99/robot_control/install/robot_control/lib/python3.12/site-packages/robot_control
[2.352s] byte-compiling /home/margaritaf99/robot_control/install/robot_control/lib/python3.12/site-packages/robot_control/robot.py to robot.cpython-312.pyc
[2.357s] running install_data
[2.357s] running install_egg_info
[2.394s] removing '/home/margaritaf99/robot_control/install/robot_control/lib/python3.12/site-packages/robot_control-0.0.0-py3.12.egg-info' (and everything under it)
[2.394s] Copying build/robot_control/robot_control.egg-info to /home/margaritaf99/robot_control/install/robot_control/lib/python3.12/site-packages/robot_control-0.0.0-py3.12.egg-info
[2.400s] running install_scripts
[2.639s] Installing robot script to /home/margaritaf99/robot_control/install/robot_control/lib/robot_control
[2.640s] writing list of installed files to '/home/margaritaf99/robot_control/build/robot_control/install.log'
[2.819s] Invoked command in '/home/margaritaf99/robot_control' returned '0': PYTHONPATH=/home/margaritaf99/robot_control/build/robot_control/prefix_override:/usr/lib/python3/dist-packages/colcon_core/task/python/colcon_distutils_commands:/home/margaritaf99/robot_control/install/robot_control/lib/python3.12/site-packages:${PYTHONPATH} /usr/bin/python3 -W ignore:setup.py install is deprecated setup.py egg_info --egg-base build/robot_control build --build-base /home/margaritaf99/robot_control/build/robot_control/build install --record /home/margaritaf99/robot_control/build/robot_control/install.log --single-version-externally-managed install_data
